0 info it worked if it ends with ok
1 verbose cli [ '/usr/bin/nodejs', '/usr/bin/npm', 'start' ]
2 info using npm@4.1.2
3 info using node@v7.5.0
4 verbose run-script [ 'prestart', 'start', 'poststart' ]
5 info lifecycle homework02@1.0.0~prestart: homework02@1.0.0
6 silly lifecycle homework02@1.0.0~prestart: no script for prestart, continuing
7 info lifecycle homework02@1.0.0~start: homework02@1.0.0
8 verbose lifecycle homework02@1.0.0~start: unsafe-perm in lifecycle true
9 verbose lifecycle homework02@1.0.0~start: PATH: /usr/lib/node_modules/npm/bin/node-gyp-bin:/home/kdn251/Desktop/AIT/project2/node_modules/.bin:/home/kdn251/anaconda3/bin:/usr/local/sbin:/usr/local/bin:/usr/sbin:/usr/bin:/sbin:/bin:/usr/games:/usr/local/games:/usr/lib/jvm/java-8-oracle/bin:/usr/lib/jvm/java-8-oracle/db/bin:/usr/lib/jvm/java-8-oracle/jre/bin
10 verbose lifecycle homework02@1.0.0~start: CWD: /home/kdn251/Desktop/AIT/project2
11 silly lifecycle homework02@1.0.0~start: Args: [ '-c', 'nodejs basketfunc.js' ]
12 silly lifecycle homework02@1.0.0~start: Returned: code: 1  signal: null
13 info lifecycle homework02@1.0.0~start: Failed to exec start script
14 verbose stack Error: homework02@1.0.0 start: `nodejs basketfunc.js`
14 verbose stack Exit status 1
14 verbose stack     at EventEmitter.<anonymous> (/usr/lib/node_modules/npm/lib/utils/lifecycle.js:279:16)
14 verbose stack     at emitTwo (events.js:106:13)
14 verbose stack     at EventEmitter.emit (events.js:192:7)
14 verbose stack     at ChildProcess.<anonymous> (/usr/lib/node_modules/npm/lib/utils/spawn.js:40:14)
14 verbose stack     at emitTwo (events.js:106:13)
14 verbose stack     at ChildProcess.emit (events.js:192:7)
14 verbose stack     at maybeClose (internal/child_process.js:890:16)
14 verbose stack     at Process.ChildProcess._handle.onexit (internal/child_process.js:226:5)
15 verbose pkgid homework02@1.0.0
16 verbose cwd /home/kdn251/Desktop/AIT/project2/src
17 error Linux 4.4.0-62-generic
18 error argv "/usr/bin/nodejs" "/usr/bin/npm" "start"
19 error node v7.5.0
20 error npm  v4.1.2
21 error code ELIFECYCLE
22 error homework02@1.0.0 start: `nodejs basketfunc.js`
22 error Exit status 1
23 error Failed at the homework02@1.0.0 start script 'nodejs basketfunc.js'.
23 error Make sure you have the latest version of node.js and npm installed.
23 error If you do, this is most likely a problem with the homework02 package,
23 error not with npm itself.
23 error Tell the author that this fails on your system:
23 error     nodejs basketfunc.js
23 error You can get information on how to open an issue for this project with:
23 error     npm bugs homework02
23 error Or if that isn't available, you can get their info via:
23 error     npm owner ls homework02
23 error There is likely additional logging output above.
24 verbose exit [ 1, true ]
