0 info it worked if it ends with ok
1 verbose cli [ '/usr/bin/nodejs',
1 verbose cli   '/usr/bin/npm',
1 verbose cli   'install',
1 verbose cli   '--save-dev',
1 verbose cli   'chai' ]
2 info using npm@4.1.2
3 info using node@v7.5.0
4 silly loadCurrentTree Starting
5 silly install loadCurrentTree
6 silly install readLocalPackageData
7 silly fetchPackageMetaData chai@^3.5.0
8 silly fetchNamedPackageData chai
9 silly mapToRegistry name chai
10 silly mapToRegistry using default registry
11 silly mapToRegistry registry https://registry.npmjs.org/
12 silly mapToRegistry data Result {
12 silly mapToRegistry   raw: 'chai',
12 silly mapToRegistry   scope: null,
12 silly mapToRegistry   escapedName: 'chai',
12 silly mapToRegistry   name: 'chai',
12 silly mapToRegistry   rawSpec: '',
12 silly mapToRegistry   spec: 'latest',
12 silly mapToRegistry   type: 'tag' }
13 silly mapToRegistry uri https://registry.npmjs.org/chai
14 verbose request uri https://registry.npmjs.org/chai
15 verbose request no auth needed
16 info attempt registry request try #1 at 1:03:08 PM
17 verbose request id 581380a3339a8447
18 verbose etag W/"589e2b5e-165d4"
19 verbose lastModified Fri, 10 Feb 2017 21:06:38 GMT
20 http request GET https://registry.npmjs.org/chai
21 http 304 https://registry.npmjs.org/chai
22 verbose headers { date: 'Mon, 13 Feb 2017 18:03:08 GMT',
22 verbose headers   via: '1.1 varnish',
22 verbose headers   'cache-control': 'max-age=300',
22 verbose headers   etag: 'W/"589e2b5e-165d4"',
22 verbose headers   age: '244',
22 verbose headers   connection: 'keep-alive',
22 verbose headers   'x-served-by': 'cache-jfk8122-JFK',
22 verbose headers   'x-cache': 'HIT',
22 verbose headers   'x-cache-hits': '3',
22 verbose headers   'x-timer': 'S1487008988.766462,VS0,VE0',
22 verbose headers   vary: 'Accept-Encoding' }
23 silly get cb [ 304,
23 silly get   { date: 'Mon, 13 Feb 2017 18:03:08 GMT',
23 silly get     via: '1.1 varnish',
23 silly get     'cache-control': 'max-age=300',
23 silly get     etag: 'W/"589e2b5e-165d4"',
23 silly get     age: '244',
23 silly get     connection: 'keep-alive',
23 silly get     'x-served-by': 'cache-jfk8122-JFK',
23 silly get     'x-cache': 'HIT',
23 silly get     'x-cache-hits': '3',
23 silly get     'x-timer': 'S1487008988.766462,VS0,VE0',
23 silly get     vary: 'Accept-Encoding' } ]
24 verbose etag https://registry.npmjs.org/chai from cache
25 verbose get saving chai to /home/kdn251/.npm/registry.npmjs.org/chai/.cache.json
26 verbose correctMkdir /home/kdn251/.npm correctMkdir not in flight; initializing
27 silly pickManifestFromRegistryMetadata spec >=3.5.0 <4.0.0 tag latest versions [ '0.0.1',
27 silly pickManifestFromRegistryMetadata   '0.0.2',
27 silly pickManifestFromRegistryMetadata   '0.1.0',
27 silly pickManifestFromRegistryMetadata   '0.1.1',
27 silly pickManifestFromRegistryMetadata   '0.1.2',
27 silly pickManifestFromRegistryMetadata   '0.1.3',
27 silly pickManifestFromRegistryMetadata   '0.1.4',
27 silly pickManifestFromRegistryMetadata   '0.1.5',
27 silly pickManifestFromRegistryMetadata   '0.1.6',
27 silly pickManifestFromRegistryMetadata   '0.1.7',
27 silly pickManifestFromRegistryMetadata   '0.2.0',
27 silly pickManifestFromRegistryMetadata   '0.2.1',
27 silly pickManifestFromRegistryMetadata   '0.2.2',
27 silly pickManifestFromRegistryMetadata   '0.2.3',
27 silly pickManifestFromRegistryMetadata   '0.2.4',
27 silly pickManifestFromRegistryMetadata   '0.3.0',
27 silly pickManifestFromRegistryMetadata   '0.3.1',
27 silly pickManifestFromRegistryMetadata   '0.3.2',
27 silly pickManifestFromRegistryMetadata   '0.3.3',
27 silly pickManifestFromRegistryMetadata   '0.3.4',
27 silly pickManifestFromRegistryMetadata   '0.4.0',
27 silly pickManifestFromRegistryMetadata   '0.4.1',
27 silly pickManifestFromRegistryMetadata   '0.4.2',
27 silly pickManifestFromRegistryMetadata   '0.5.0',
27 silly pickManifestFromRegistryMetadata   '0.5.1',
27 silly pickManifestFromRegistryMetadata   '0.5.2',
27 silly pickManifestFromRegistryMetadata   '0.5.3',
27 silly pickManifestFromRegistryMetadata   '1.0.0',
27 silly pickManifestFromRegistryMetadata   '1.0.1',
27 silly pickManifestFromRegistryMetadata   '1.0.2',
27 silly pickManifestFromRegistryMetadata   '1.0.3',
27 silly pickManifestFromRegistryMetadata   '1.0.4',
27 silly pickManifestFromRegistryMetadata   '1.1.0',
27 silly pickManifestFromRegistryMetadata   '1.1.1',
27 silly pickManifestFromRegistryMetadata   '1.2.0',
27 silly pickManifestFromRegistryMetadata   '1.3.0',
27 silly pickManifestFromRegistryMetadata   '1.4.0',
27 silly pickManifestFromRegistryMetadata   '1.4.1',
27 silly pickManifestFromRegistryMetadata   '1.4.2',
27 silly pickManifestFromRegistryMetadata   '1.5.0',
27 silly pickManifestFromRegistryMetadata   '1.6.0',
27 silly pickManifestFromRegistryMetadata   '1.6.1',
27 silly pickManifestFromRegistryMetadata   '1.7.0',
27 silly pickManifestFromRegistryMetadata   '1.7.1',
27 silly pickManifestFromRegistryMetadata   '1.7.2',
27 silly pickManifestFromRegistryMetadata   '1.8.0',
27 silly pickManifestFromRegistryMetadata   '1.8.1',
27 silly pickManifestFromRegistryMetadata   '1.9.0',
27 silly pickManifestFromRegistryMetadata   '1.9.1',
27 silly pickManifestFromRegistryMetadata   '1.9.2',
27 silly pickManifestFromRegistryMetadata   '1.10.0',
27 silly pickManifestFromRegistryMetadata   '2.0.0',
27 silly pickManifestFromRegistryMetadata   '2.1.0',
27 silly pickManifestFromRegistryMetadata   '2.1.1',
27 silly pickManifestFromRegistryMetadata   '2.1.2',
27 silly pickManifestFromRegistryMetadata   '2.2.0',
27 silly pickManifestFromRegistryMetadata   '2.3.0',
27 silly pickManifestFromRegistryMetadata   '3.0.0',
27 silly pickManifestFromRegistryMetadata   '3.1.0',
27 silly pickManifestFromRegistryMetadata   '3.2.0',
27 silly pickManifestFromRegistryMetadata   '3.3.0',
27 silly pickManifestFromRegistryMetadata   '3.4.0',
27 silly pickManifestFromRegistryMetadata   '3.4.1',
27 silly pickManifestFromRegistryMetadata   '3.5.0',
27 silly pickManifestFromRegistryMetadata   '4.0.0-canary.1' ]
28 silly install normalizeTree
29 silly loadCurrentTree Finishing
30 silly loadIdealTree Starting
31 silly install loadIdealTree
32 silly cloneCurrentTree Starting
33 silly install cloneCurrentTreeToIdealTree
34 silly cloneCurrentTree Finishing
35 silly loadShrinkwrap Starting
36 silly install loadShrinkwrap
37 silly loadShrinkwrap Finishing
38 silly loadAllDepsIntoIdealTree Starting
39 silly install loadAllDepsIntoIdealTree
40 silly resolveWithNewModule chai@3.5.0 checking installable status
41 silly cache add args [ 'chai@^3.5.0', null ]
42 verbose cache add spec chai@^3.5.0
43 silly cache add parsed spec Result {
43 silly cache add   raw: 'chai@^3.5.0',
43 silly cache add   scope: null,
43 silly cache add   escapedName: 'chai',
43 silly cache add   name: 'chai',
43 silly cache add   rawSpec: '^3.5.0',
43 silly cache add   spec: '>=3.5.0 <4.0.0',
43 silly cache add   type: 'range' }
44 silly addNamed chai@>=3.5.0 <4.0.0
45 verbose addNamed ">=3.5.0 <4.0.0" is a valid semver range for chai
46 silly addNameRange { name: 'chai', range: '>=3.5.0 <4.0.0', hasData: false }
47 silly mapToRegistry name chai
48 silly mapToRegistry using default registry
49 silly mapToRegistry registry https://registry.npmjs.org/
50 silly mapToRegistry data Result {
50 silly mapToRegistry   raw: 'chai',
50 silly mapToRegistry   scope: null,
50 silly mapToRegistry   escapedName: 'chai',
50 silly mapToRegistry   name: 'chai',
50 silly mapToRegistry   rawSpec: '',
50 silly mapToRegistry   spec: 'latest',
50 silly mapToRegistry   type: 'tag' }
51 silly mapToRegistry uri https://registry.npmjs.org/chai
52 verbose addNameRange registry:https://registry.npmjs.org/chai not in flight; fetching
53 verbose get https://registry.npmjs.org/chai not expired, no request
54 silly addNameRange number 2 { name: 'chai', range: '>=3.5.0 <4.0.0', hasData: true }
55 silly addNameRange versions [ 'chai',
55 silly addNameRange   [ '0.0.1',
55 silly addNameRange     '0.0.2',
55 silly addNameRange     '0.1.0',
55 silly addNameRange     '0.1.1',
55 silly addNameRange     '0.1.2',
55 silly addNameRange     '0.1.3',
55 silly addNameRange     '0.1.4',
55 silly addNameRange     '0.1.5',
55 silly addNameRange     '0.1.6',
55 silly addNameRange     '0.1.7',
55 silly addNameRange     '0.2.0',
55 silly addNameRange     '0.2.1',
55 silly addNameRange     '0.2.2',
55 silly addNameRange     '0.2.3',
55 silly addNameRange     '0.2.4',
55 silly addNameRange     '0.3.0',
55 silly addNameRange     '0.3.1',
55 silly addNameRange     '0.3.2',
55 silly addNameRange     '0.3.3',
55 silly addNameRange     '0.3.4',
55 silly addNameRange     '0.4.0',
55 silly addNameRange     '0.4.1',
55 silly addNameRange     '0.4.2',
55 silly addNameRange     '0.5.0',
55 silly addNameRange     '0.5.1',
55 silly addNameRange     '0.5.2',
55 silly addNameRange     '0.5.3',
55 silly addNameRange     '1.0.0',
55 silly addNameRange     '1.0.1',
55 silly addNameRange     '1.0.2',
55 silly addNameRange     '1.0.3',
55 silly addNameRange     '1.0.4',
55 silly addNameRange     '1.1.0',
55 silly addNameRange     '1.1.1',
55 silly addNameRange     '1.2.0',
55 silly addNameRange     '1.3.0',
55 silly addNameRange     '1.4.0',
55 silly addNameRange     '1.4.1',
55 silly addNameRange     '1.4.2',
55 silly addNameRange     '1.5.0',
55 silly addNameRange     '1.6.0',
55 silly addNameRange     '1.6.1',
55 silly addNameRange     '1.7.0',
55 silly addNameRange     '1.7.1',
55 silly addNameRange     '1.7.2',
55 silly addNameRange     '1.8.0',
55 silly addNameRange     '1.8.1',
55 silly addNameRange     '1.9.0',
55 silly addNameRange     '1.9.1',
55 silly addNameRange     '1.9.2',
55 silly addNameRange     '1.10.0',
55 silly addNameRange     '2.0.0',
55 silly addNameRange     '2.1.0',
55 silly addNameRange     '2.1.1',
55 silly addNameRange     '2.1.2',
55 silly addNameRange     '2.2.0',
55 silly addNameRange     '2.3.0',
55 silly addNameRange     '3.0.0',
55 silly addNameRange     '3.1.0',
55 silly addNameRange     '3.2.0',
55 silly addNameRange     '3.3.0',
55 silly addNameRange     '3.4.0',
55 silly addNameRange     '3.4.1',
55 silly addNameRange     '3.5.0',
55 silly addNameRange     '4.0.0-canary.1' ] ]
56 silly pickManifestFromRegistryMetadata spec >=3.5.0 <4.0.0 tag latest versions [ '0.0.1',
56 silly pickManifestFromRegistryMetadata   '0.0.2',
56 silly pickManifestFromRegistryMetadata   '0.1.0',
56 silly pickManifestFromRegistryMetadata   '0.1.1',
56 silly pickManifestFromRegistryMetadata   '0.1.2',
56 silly pickManifestFromRegistryMetadata   '0.1.3',
56 silly pickManifestFromRegistryMetadata   '0.1.4',
56 silly pickManifestFromRegistryMetadata   '0.1.5',
56 silly pickManifestFromRegistryMetadata   '0.1.6',
56 silly pickManifestFromRegistryMetadata   '0.1.7',
56 silly pickManifestFromRegistryMetadata   '0.2.0',
56 silly pickManifestFromRegistryMetadata   '0.2.1',
56 silly pickManifestFromRegistryMetadata   '0.2.2',
56 silly pickManifestFromRegistryMetadata   '0.2.3',
56 silly pickManifestFromRegistryMetadata   '0.2.4',
56 silly pickManifestFromRegistryMetadata   '0.3.0',
56 silly pickManifestFromRegistryMetadata   '0.3.1',
56 silly pickManifestFromRegistryMetadata   '0.3.2',
56 silly pickManifestFromRegistryMetadata   '0.3.3',
56 silly pickManifestFromRegistryMetadata   '0.3.4',
56 silly pickManifestFromRegistryMetadata   '0.4.0',
56 silly pickManifestFromRegistryMetadata   '0.4.1',
56 silly pickManifestFromRegistryMetadata   '0.4.2',
56 silly pickManifestFromRegistryMetadata   '0.5.0',
56 silly pickManifestFromRegistryMetadata   '0.5.1',
56 silly pickManifestFromRegistryMetadata   '0.5.2',
56 silly pickManifestFromRegistryMetadata   '0.5.3',
56 silly pickManifestFromRegistryMetadata   '1.0.0',
56 silly pickManifestFromRegistryMetadata   '1.0.1',
56 silly pickManifestFromRegistryMetadata   '1.0.2',
56 silly pickManifestFromRegistryMetadata   '1.0.3',
56 silly pickManifestFromRegistryMetadata   '1.0.4',
56 silly pickManifestFromRegistryMetadata   '1.1.0',
56 silly pickManifestFromRegistryMetadata   '1.1.1',
56 silly pickManifestFromRegistryMetadata   '1.2.0',
56 silly pickManifestFromRegistryMetadata   '1.3.0',
56 silly pickManifestFromRegistryMetadata   '1.4.0',
56 silly pickManifestFromRegistryMetadata   '1.4.1',
56 silly pickManifestFromRegistryMetadata   '1.4.2',
56 silly pickManifestFromRegistryMetadata   '1.5.0',
56 silly pickManifestFromRegistryMetadata   '1.6.0',
56 silly pickManifestFromRegistryMetadata   '1.6.1',
56 silly pickManifestFromRegistryMetadata   '1.7.0',
56 silly pickManifestFromRegistryMetadata   '1.7.1',
56 silly pickManifestFromRegistryMetadata   '1.7.2',
56 silly pickManifestFromRegistryMetadata   '1.8.0',
56 silly pickManifestFromRegistryMetadata   '1.8.1',
56 silly pickManifestFromRegistryMetadata   '1.9.0',
56 silly pickManifestFromRegistryMetadata   '1.9.1',
56 silly pickManifestFromRegistryMetadata   '1.9.2',
56 silly pickManifestFromRegistryMetadata   '1.10.0',
56 silly pickManifestFromRegistryMetadata   '2.0.0',
56 silly pickManifestFromRegistryMetadata   '2.1.0',
56 silly pickManifestFromRegistryMetadata   '2.1.1',
56 silly pickManifestFromRegistryMetadata   '2.1.2',
56 silly pickManifestFromRegistryMetadata   '2.2.0',
56 silly pickManifestFromRegistryMetadata   '2.3.0',
56 silly pickManifestFromRegistryMetadata   '3.0.0',
56 silly pickManifestFromRegistryMetadata   '3.1.0',
56 silly pickManifestFromRegistryMetadata   '3.2.0',
56 silly pickManifestFromRegistryMetadata   '3.3.0',
56 silly pickManifestFromRegistryMetadata   '3.4.0',
56 silly pickManifestFromRegistryMetadata   '3.4.1',
56 silly pickManifestFromRegistryMetadata   '3.5.0',
56 silly pickManifestFromRegistryMetadata   '4.0.0-canary.1' ]
57 silly addNamed chai@latest
58 verbose addNamed "latest" is being treated as a dist-tag for chai
59 info addNameTag [ 'chai', 'latest' ]
60 silly mapToRegistry name chai
61 silly mapToRegistry using default registry
62 silly mapToRegistry registry https://registry.npmjs.org/
63 silly mapToRegistry data Result {
63 silly mapToRegistry   raw: 'chai',
63 silly mapToRegistry   scope: null,
63 silly mapToRegistry   escapedName: 'chai',
63 silly mapToRegistry   name: 'chai',
63 silly mapToRegistry   rawSpec: '',
63 silly mapToRegistry   spec: 'latest',
63 silly mapToRegistry   type: 'tag' }
64 silly mapToRegistry uri https://registry.npmjs.org/chai
65 verbose addNameTag registry:https://registry.npmjs.org/chai already in flight; waiting
66 silly addNameTag next cb for chai with tag latest
67 silly addNamed chai@3.5.0
68 verbose addNamed "3.5.0" is a plain semver version for chai
69 silly cache afterAdd chai@3.5.0
70 verbose afterAdd /home/kdn251/.npm/chai/3.5.0/package/package.json not in flight; writing
71 verbose correctMkdir /home/kdn251/.npm correctMkdir not in flight; initializing
72 verbose afterAdd /home/kdn251/.npm/chai/3.5.0/package/package.json written
73 silly fetchNamedPackageData assertion-error
74 silly mapToRegistry name assertion-error
75 silly mapToRegistry using default registry
76 silly mapToRegistry registry https://registry.npmjs.org/
77 silly mapToRegistry data Result {
77 silly mapToRegistry   raw: 'assertion-error',
77 silly mapToRegistry   scope: null,
77 silly mapToRegistry   escapedName: 'assertion-error',
77 silly mapToRegistry   name: 'assertion-error',
77 silly mapToRegistry   rawSpec: '',
77 silly mapToRegistry   spec: 'latest',
77 silly mapToRegistry   type: 'tag' }
78 silly mapToRegistry uri https://registry.npmjs.org/assertion-error
79 silly fetchNamedPackageData deep-eql
80 silly mapToRegistry name deep-eql
81 silly mapToRegistry using default registry
82 silly mapToRegistry registry https://registry.npmjs.org/
83 silly mapToRegistry data Result {
83 silly mapToRegistry   raw: 'deep-eql',
83 silly mapToRegistry   scope: null,
83 silly mapToRegistry   escapedName: 'deep-eql',
83 silly mapToRegistry   name: 'deep-eql',
83 silly mapToRegistry   rawSpec: '',
83 silly mapToRegistry   spec: 'latest',
83 silly mapToRegistry   type: 'tag' }
84 silly mapToRegistry uri https://registry.npmjs.org/deep-eql
85 silly fetchNamedPackageData type-detect
86 silly mapToRegistry name type-detect
87 silly mapToRegistry using default registry
88 silly mapToRegistry registry https://registry.npmjs.org/
89 silly mapToRegistry data Result {
89 silly mapToRegistry   raw: 'type-detect',
89 silly mapToRegistry   scope: null,
89 silly mapToRegistry   escapedName: 'type-detect',
89 silly mapToRegistry   name: 'type-detect',
89 silly mapToRegistry   rawSpec: '',
89 silly mapToRegistry   spec: 'latest',
89 silly mapToRegistry   type: 'tag' }
90 silly mapToRegistry uri https://registry.npmjs.org/type-detect
91 verbose request uri https://registry.npmjs.org/assertion-error
92 verbose request no auth needed
93 info attempt registry request try #1 at 1:03:08 PM
94 verbose etag W/"5755c019-1b3b"
95 verbose lastModified Mon, 06 Jun 2016 18:25:29 GMT
96 http request GET https://registry.npmjs.org/assertion-error
97 verbose request uri https://registry.npmjs.org/deep-eql
98 verbose request no auth needed
99 info attempt registry request try #1 at 1:03:08 PM
100 verbose etag W/"582a519b-6746"
101 verbose lastModified Tue, 15 Nov 2016 00:06:51 GMT
102 http request GET https://registry.npmjs.org/deep-eql
103 verbose request uri https://registry.npmjs.org/type-detect
104 verbose request no auth needed
105 info attempt registry request try #1 at 1:03:08 PM
106 verbose etag W/"58829985-653a"
107 verbose lastModified Fri, 20 Jan 2017 23:13:09 GMT
108 http request GET https://registry.npmjs.org/type-detect
109 http 304 https://registry.npmjs.org/assertion-error
110 verbose headers { date: 'Mon, 13 Feb 2017 18:03:08 GMT',
110 verbose headers   via: '1.1 varnish',
110 verbose headers   'cache-control': 'max-age=300',
110 verbose headers   etag: 'W/"5755c019-1b3b"',
110 verbose headers   age: '68',
110 verbose headers   connection: 'keep-alive',
110 verbose headers   'x-served-by': 'cache-jfk8122-JFK',
110 verbose headers   'x-cache': 'HIT',
110 verbose headers   'x-cache-hits': '1',
110 verbose headers   'x-timer': 'S1487008988.892133,VS0,VE0',
110 verbose headers   vary: 'Accept-Encoding' }
111 silly get cb [ 304,
111 silly get   { date: 'Mon, 13 Feb 2017 18:03:08 GMT',
111 silly get     via: '1.1 varnish',
111 silly get     'cache-control': 'max-age=300',
111 silly get     etag: 'W/"5755c019-1b3b"',
111 silly get     age: '68',
111 silly get     connection: 'keep-alive',
111 silly get     'x-served-by': 'cache-jfk8122-JFK',
111 silly get     'x-cache': 'HIT',
111 silly get     'x-cache-hits': '1',
111 silly get     'x-timer': 'S1487008988.892133,VS0,VE0',
111 silly get     vary: 'Accept-Encoding' } ]
112 verbose etag https://registry.npmjs.org/assertion-error from cache
113 verbose get saving assertion-error to /home/kdn251/.npm/registry.npmjs.org/assertion-error/.cache.json
114 verbose correctMkdir /home/kdn251/.npm correctMkdir not in flight; initializing
115 silly pickManifestFromRegistryMetadata spec >=1.0.1 <2.0.0 tag latest versions [ '0.1.0', '1.0.0', '1.0.1', '1.0.2' ]
116 silly resolveWithNewModule assertion-error@1.0.2 checking installable status
117 silly cache add args [ 'assertion-error@^1.0.1', null ]
118 verbose cache add spec assertion-error@^1.0.1
119 silly cache add parsed spec Result {
119 silly cache add   raw: 'assertion-error@^1.0.1',
119 silly cache add   scope: null,
119 silly cache add   escapedName: 'assertion-error',
119 silly cache add   name: 'assertion-error',
119 silly cache add   rawSpec: '^1.0.1',
119 silly cache add   spec: '>=1.0.1 <2.0.0',
119 silly cache add   type: 'range' }
120 silly addNamed assertion-error@>=1.0.1 <2.0.0
121 verbose addNamed ">=1.0.1 <2.0.0" is a valid semver range for assertion-error
122 silly addNameRange { name: 'assertion-error',
122 silly addNameRange   range: '>=1.0.1 <2.0.0',
122 silly addNameRange   hasData: false }
123 silly mapToRegistry name assertion-error
124 silly mapToRegistry using default registry
125 silly mapToRegistry registry https://registry.npmjs.org/
126 silly mapToRegistry data Result {
126 silly mapToRegistry   raw: 'assertion-error',
126 silly mapToRegistry   scope: null,
126 silly mapToRegistry   escapedName: 'assertion-error',
126 silly mapToRegistry   name: 'assertion-error',
126 silly mapToRegistry   rawSpec: '',
126 silly mapToRegistry   spec: 'latest',
126 silly mapToRegistry   type: 'tag' }
127 silly mapToRegistry uri https://registry.npmjs.org/assertion-error
128 verbose addNameRange registry:https://registry.npmjs.org/assertion-error not in flight; fetching
129 verbose get https://registry.npmjs.org/assertion-error not expired, no request
130 silly addNameRange number 2 { name: 'assertion-error',
130 silly addNameRange   range: '>=1.0.1 <2.0.0',
130 silly addNameRange   hasData: true }
131 silly addNameRange versions [ 'assertion-error', [ '0.1.0', '1.0.0', '1.0.1', '1.0.2' ] ]
132 silly pickManifestFromRegistryMetadata spec >=1.0.1 <2.0.0 tag latest versions [ '0.1.0', '1.0.0', '1.0.1', '1.0.2' ]
133 silly addNamed assertion-error@latest
134 verbose addNamed "latest" is being treated as a dist-tag for assertion-error
135 info addNameTag [ 'assertion-error', 'latest' ]
136 silly mapToRegistry name assertion-error
137 silly mapToRegistry using default registry
138 silly mapToRegistry registry https://registry.npmjs.org/
139 silly mapToRegistry data Result {
139 silly mapToRegistry   raw: 'assertion-error',
139 silly mapToRegistry   scope: null,
139 silly mapToRegistry   escapedName: 'assertion-error',
139 silly mapToRegistry   name: 'assertion-error',
139 silly mapToRegistry   rawSpec: '',
139 silly mapToRegistry   spec: 'latest',
139 silly mapToRegistry   type: 'tag' }
140 silly mapToRegistry uri https://registry.npmjs.org/assertion-error
141 verbose addNameTag registry:https://registry.npmjs.org/assertion-error already in flight; waiting
142 silly addNameTag next cb for assertion-error with tag latest
143 silly addNamed assertion-error@1.0.2
144 verbose addNamed "1.0.2" is a plain semver version for assertion-error
145 silly cache afterAdd assertion-error@1.0.2
146 verbose afterAdd /home/kdn251/.npm/assertion-error/1.0.2/package/package.json not in flight; writing
147 verbose correctMkdir /home/kdn251/.npm correctMkdir not in flight; initializing
148 verbose afterAdd /home/kdn251/.npm/assertion-error/1.0.2/package/package.json written
149 http 304 https://registry.npmjs.org/deep-eql
150 verbose headers { date: 'Mon, 13 Feb 2017 18:03:08 GMT',
150 verbose headers   via: '1.1 varnish',
150 verbose headers   'cache-control': 'max-age=300',
150 verbose headers   etag: 'W/"582a519b-6746"',
150 verbose headers   age: '6',
150 verbose headers   connection: 'keep-alive',
150 verbose headers   'x-served-by': 'cache-jfk8124-JFK',
150 verbose headers   'x-cache': 'HIT',
150 verbose headers   'x-cache-hits': '1',
150 verbose headers   'x-timer': 'S1487008988.903077,VS0,VE0',
150 verbose headers   vary: 'Accept-Encoding' }
151 silly get cb [ 304,
151 silly get   { date: 'Mon, 13 Feb 2017 18:03:08 GMT',
151 silly get     via: '1.1 varnish',
151 silly get     'cache-control': 'max-age=300',
151 silly get     etag: 'W/"582a519b-6746"',
151 silly get     age: '6',
151 silly get     connection: 'keep-alive',
151 silly get     'x-served-by': 'cache-jfk8124-JFK',
151 silly get     'x-cache': 'HIT',
151 silly get     'x-cache-hits': '1',
151 silly get     'x-timer': 'S1487008988.903077,VS0,VE0',
151 silly get     vary: 'Accept-Encoding' } ]
152 verbose etag https://registry.npmjs.org/deep-eql from cache
153 verbose get saving deep-eql to /home/kdn251/.npm/registry.npmjs.org/deep-eql/.cache.json
154 verbose correctMkdir /home/kdn251/.npm correctMkdir not in flight; initializing
155 silly pickManifestFromRegistryMetadata spec >=0.1.3 <0.2.0 tag latest versions [ '0.1.0',
155 silly pickManifestFromRegistryMetadata   '0.1.1',
155 silly pickManifestFromRegistryMetadata   '0.1.2',
155 silly pickManifestFromRegistryMetadata   '0.1.3',
155 silly pickManifestFromRegistryMetadata   '1.0.0',
155 silly pickManifestFromRegistryMetadata   '1.0.1',
155 silly pickManifestFromRegistryMetadata   '1.0.2',
155 silly pickManifestFromRegistryMetadata   '1.0.3',
155 silly pickManifestFromRegistryMetadata   '2.0.0',
155 silly pickManifestFromRegistryMetadata   '2.0.1' ]
156 silly resolveWithNewModule deep-eql@0.1.3 checking installable status
157 silly cache add args [ 'deep-eql@^0.1.3', null ]
158 verbose cache add spec deep-eql@^0.1.3
159 silly cache add parsed spec Result {
159 silly cache add   raw: 'deep-eql@^0.1.3',
159 silly cache add   scope: null,
159 silly cache add   escapedName: 'deep-eql',
159 silly cache add   name: 'deep-eql',
159 silly cache add   rawSpec: '^0.1.3',
159 silly cache add   spec: '>=0.1.3 <0.2.0',
159 silly cache add   type: 'range' }
160 silly addNamed deep-eql@>=0.1.3 <0.2.0
161 verbose addNamed ">=0.1.3 <0.2.0" is a valid semver range for deep-eql
162 silly addNameRange { name: 'deep-eql', range: '>=0.1.3 <0.2.0', hasData: false }
163 silly mapToRegistry name deep-eql
164 silly mapToRegistry using default registry
165 silly mapToRegistry registry https://registry.npmjs.org/
166 silly mapToRegistry data Result {
166 silly mapToRegistry   raw: 'deep-eql',
166 silly mapToRegistry   scope: null,
166 silly mapToRegistry   escapedName: 'deep-eql',
166 silly mapToRegistry   name: 'deep-eql',
166 silly mapToRegistry   rawSpec: '',
166 silly mapToRegistry   spec: 'latest',
166 silly mapToRegistry   type: 'tag' }
167 silly mapToRegistry uri https://registry.npmjs.org/deep-eql
168 verbose addNameRange registry:https://registry.npmjs.org/deep-eql not in flight; fetching
169 verbose get https://registry.npmjs.org/deep-eql not expired, no request
170 silly addNameRange number 2 { name: 'deep-eql', range: '>=0.1.3 <0.2.0', hasData: true }
171 silly addNameRange versions [ 'deep-eql',
171 silly addNameRange   [ '0.1.0',
171 silly addNameRange     '0.1.1',
171 silly addNameRange     '0.1.2',
171 silly addNameRange     '0.1.3',
171 silly addNameRange     '1.0.0',
171 silly addNameRange     '1.0.1',
171 silly addNameRange     '1.0.2',
171 silly addNameRange     '1.0.3',
171 silly addNameRange     '2.0.0',
171 silly addNameRange     '2.0.1' ] ]
172 silly pickManifestFromRegistryMetadata spec >=0.1.3 <0.2.0 tag latest versions [ '0.1.0',
172 silly pickManifestFromRegistryMetadata   '0.1.1',
172 silly pickManifestFromRegistryMetadata   '0.1.2',
172 silly pickManifestFromRegistryMetadata   '0.1.3',
172 silly pickManifestFromRegistryMetadata   '1.0.0',
172 silly pickManifestFromRegistryMetadata   '1.0.1',
172 silly pickManifestFromRegistryMetadata   '1.0.2',
172 silly pickManifestFromRegistryMetadata   '1.0.3',
172 silly pickManifestFromRegistryMetadata   '2.0.0',
172 silly pickManifestFromRegistryMetadata   '2.0.1' ]
173 silly addNamed deep-eql@0.1.3
174 verbose addNamed "0.1.3" is a plain semver version for deep-eql
175 silly cache afterAdd deep-eql@0.1.3
176 verbose afterAdd /home/kdn251/.npm/deep-eql/0.1.3/package/package.json not in flight; writing
177 verbose correctMkdir /home/kdn251/.npm correctMkdir not in flight; initializing
178 verbose afterAdd /home/kdn251/.npm/deep-eql/0.1.3/package/package.json written
179 http 304 https://registry.npmjs.org/type-detect
180 verbose headers { date: 'Mon, 13 Feb 2017 18:03:08 GMT',
180 verbose headers   via: '1.1 varnish',
180 verbose headers   'cache-control': 'max-age=300',
180 verbose headers   etag: 'W/"58829985-653a"',
180 verbose headers   age: '145',
180 verbose headers   connection: 'keep-alive',
180 verbose headers   'x-served-by': 'cache-jfk8125-JFK',
180 verbose headers   'x-cache': 'HIT',
180 verbose headers   'x-cache-hits': '2',
180 verbose headers   'x-timer': 'S1487008988.914684,VS0,VE0',
180 verbose headers   vary: 'Accept-Encoding' }
181 silly get cb [ 304,
181 silly get   { date: 'Mon, 13 Feb 2017 18:03:08 GMT',
181 silly get     via: '1.1 varnish',
181 silly get     'cache-control': 'max-age=300',
181 silly get     etag: 'W/"58829985-653a"',
181 silly get     age: '145',
181 silly get     connection: 'keep-alive',
181 silly get     'x-served-by': 'cache-jfk8125-JFK',
181 silly get     'x-cache': 'HIT',
181 silly get     'x-cache-hits': '2',
181 silly get     'x-timer': 'S1487008988.914684,VS0,VE0',
181 silly get     vary: 'Accept-Encoding' } ]
182 verbose etag https://registry.npmjs.org/type-detect from cache
183 verbose get saving type-detect to /home/kdn251/.npm/registry.npmjs.org/type-detect/.cache.json
184 verbose correctMkdir /home/kdn251/.npm correctMkdir not in flight; initializing
185 silly pickManifestFromRegistryMetadata spec >=1.0.0 <2.0.0 tag latest versions [ '0.1.0',
185 silly pickManifestFromRegistryMetadata   '0.1.1',
185 silly pickManifestFromRegistryMetadata   '0.1.2',
185 silly pickManifestFromRegistryMetadata   '1.0.0',
185 silly pickManifestFromRegistryMetadata   '2.0.0',
185 silly pickManifestFromRegistryMetadata   '2.0.1',
185 silly pickManifestFromRegistryMetadata   '2.0.2',
185 silly pickManifestFromRegistryMetadata   '3.0.0',
185 silly pickManifestFromRegistryMetadata   '4.0.0' ]
186 silly resolveWithNewModule type-detect@1.0.0 checking installable status
187 silly cache add args [ 'type-detect@^1.0.0', null ]
188 verbose cache add spec type-detect@^1.0.0
189 silly cache add parsed spec Result {
189 silly cache add   raw: 'type-detect@^1.0.0',
189 silly cache add   scope: null,
189 silly cache add   escapedName: 'type-detect',
189 silly cache add   name: 'type-detect',
189 silly cache add   rawSpec: '^1.0.0',
189 silly cache add   spec: '>=1.0.0 <2.0.0',
189 silly cache add   type: 'range' }
190 silly addNamed type-detect@>=1.0.0 <2.0.0
191 verbose addNamed ">=1.0.0 <2.0.0" is a valid semver range for type-detect
192 silly addNameRange { name: 'type-detect', range: '>=1.0.0 <2.0.0', hasData: false }
193 silly mapToRegistry name type-detect
194 silly mapToRegistry using default registry
195 silly mapToRegistry registry https://registry.npmjs.org/
196 silly mapToRegistry data Result {
196 silly mapToRegistry   raw: 'type-detect',
196 silly mapToRegistry   scope: null,
196 silly mapToRegistry   escapedName: 'type-detect',
196 silly mapToRegistry   name: 'type-detect',
196 silly mapToRegistry   rawSpec: '',
196 silly mapToRegistry   spec: 'latest',
196 silly mapToRegistry   type: 'tag' }
197 silly mapToRegistry uri https://registry.npmjs.org/type-detect
198 verbose addNameRange registry:https://registry.npmjs.org/type-detect not in flight; fetching
199 verbose get https://registry.npmjs.org/type-detect not expired, no request
200 silly addNameRange number 2 { name: 'type-detect', range: '>=1.0.0 <2.0.0', hasData: true }
201 silly addNameRange versions [ 'type-detect',
201 silly addNameRange   [ '0.1.0',
201 silly addNameRange     '0.1.1',
201 silly addNameRange     '0.1.2',
201 silly addNameRange     '1.0.0',
201 silly addNameRange     '2.0.0',
201 silly addNameRange     '2.0.1',
201 silly addNameRange     '2.0.2',
201 silly addNameRange     '3.0.0',
201 silly addNameRange     '4.0.0' ] ]
202 silly pickManifestFromRegistryMetadata spec >=1.0.0 <2.0.0 tag latest versions [ '0.1.0',
202 silly pickManifestFromRegistryMetadata   '0.1.1',
202 silly pickManifestFromRegistryMetadata   '0.1.2',
202 silly pickManifestFromRegistryMetadata   '1.0.0',
202 silly pickManifestFromRegistryMetadata   '2.0.0',
202 silly pickManifestFromRegistryMetadata   '2.0.1',
202 silly pickManifestFromRegistryMetadata   '2.0.2',
202 silly pickManifestFromRegistryMetadata   '3.0.0',
202 silly pickManifestFromRegistryMetadata   '4.0.0' ]
203 silly addNamed type-detect@1.0.0
204 verbose addNamed "1.0.0" is a plain semver version for type-detect
205 silly cache afterAdd type-detect@1.0.0
206 verbose afterAdd /home/kdn251/.npm/type-detect/1.0.0/package/package.json not in flight; writing
207 verbose correctMkdir /home/kdn251/.npm correctMkdir not in flight; initializing
208 verbose afterAdd /home/kdn251/.npm/type-detect/1.0.0/package/package.json written
209 silly fetchNamedPackageData type-detect
210 silly mapToRegistry name type-detect
211 silly mapToRegistry using default registry
212 silly mapToRegistry registry https://registry.npmjs.org/
213 silly mapToRegistry data Result {
213 silly mapToRegistry   raw: 'type-detect',
213 silly mapToRegistry   scope: null,
213 silly mapToRegistry   escapedName: 'type-detect',
213 silly mapToRegistry   name: 'type-detect',
213 silly mapToRegistry   rawSpec: '',
213 silly mapToRegistry   spec: 'latest',
213 silly mapToRegistry   type: 'tag' }
214 silly mapToRegistry uri https://registry.npmjs.org/type-detect
215 silly pickManifestFromRegistryMetadata spec 0.1.1 tag latest versions [ '0.1.0',
215 silly pickManifestFromRegistryMetadata   '0.1.1',
215 silly pickManifestFromRegistryMetadata   '0.1.2',
215 silly pickManifestFromRegistryMetadata   '1.0.0',
215 silly pickManifestFromRegistryMetadata   '2.0.0',
215 silly pickManifestFromRegistryMetadata   '2.0.1',
215 silly pickManifestFromRegistryMetadata   '2.0.2',
215 silly pickManifestFromRegistryMetadata   '3.0.0',
215 silly pickManifestFromRegistryMetadata   '4.0.0' ]
216 silly resolveWithNewModule type-detect@0.1.1 checking installable status
217 silly cache add args [ 'type-detect@0.1.1', null ]
218 verbose cache add spec type-detect@0.1.1
219 silly cache add parsed spec Result {
219 silly cache add   raw: 'type-detect@0.1.1',
219 silly cache add   scope: null,
219 silly cache add   escapedName: 'type-detect',
219 silly cache add   name: 'type-detect',
219 silly cache add   rawSpec: '0.1.1',
219 silly cache add   spec: '0.1.1',
219 silly cache add   type: 'version' }
220 silly addNamed type-detect@0.1.1
221 verbose addNamed "0.1.1" is a plain semver version for type-detect
222 silly mapToRegistry name type-detect
223 silly mapToRegistry using default registry
224 silly mapToRegistry registry https://registry.npmjs.org/
225 silly mapToRegistry data Result {
225 silly mapToRegistry   raw: 'type-detect',
225 silly mapToRegistry   scope: null,
225 silly mapToRegistry   escapedName: 'type-detect',
225 silly mapToRegistry   name: 'type-detect',
225 silly mapToRegistry   rawSpec: '',
225 silly mapToRegistry   spec: 'latest',
225 silly mapToRegistry   type: 'tag' }
226 silly mapToRegistry uri https://registry.npmjs.org/type-detect
227 verbose addNameVersion registry:https://registry.npmjs.org/type-detect not in flight; fetching
228 verbose get https://registry.npmjs.org/type-detect not expired, no request
229 silly cache afterAdd type-detect@0.1.1
230 verbose afterAdd /home/kdn251/.npm/type-detect/0.1.1/package/package.json not in flight; writing
231 verbose correctMkdir /home/kdn251/.npm correctMkdir not in flight; initializing
232 verbose afterAdd /home/kdn251/.npm/type-detect/0.1.1/package/package.json written
233 silly loadAllDepsIntoIdealTree Finishing
234 silly loadIdealTree Finishing
235 silly currentTree homework02@1.0.0
235 silly currentTree ├─┬ acorn-jsx@3.0.1
235 silly currentTree │ └── acorn@3.3.0
235 silly currentTree ├── acorn@4.0.4
235 silly currentTree ├── ajv-keywords@1.5.1
235 silly currentTree ├── ajv@4.11.3
235 silly currentTree ├── ansi-escapes@1.4.0
235 silly currentTree ├── ansi-regex@2.1.1
235 silly currentTree ├── ansi-styles@2.2.1
235 silly currentTree ├── argparse@1.0.9
235 silly currentTree ├── array-union@1.0.2
235 silly currentTree ├── array-uniq@1.0.3
235 silly currentTree ├── arrify@1.0.1
235 silly currentTree ├── assertion-error@1.0.2
235 silly currentTree ├── babel-code-frame@6.22.0
235 silly currentTree ├── balanced-match@0.4.2
235 silly currentTree ├── brace-expansion@1.1.6
235 silly currentTree ├── buffer-shims@1.0.0
235 silly currentTree ├── caller-path@0.1.0
235 silly currentTree ├── callsites@0.2.0
235 silly currentTree ├── chai@3.5.0
235 silly currentTree ├── chalk@1.1.3
235 silly currentTree ├── circular-json@0.3.1
235 silly currentTree ├── cli-cursor@1.0.2
235 silly currentTree ├── cli-width@2.1.0
235 silly currentTree ├── co@4.6.0
235 silly currentTree ├── code-point-at@1.1.0
235 silly currentTree ├── concat-map@0.0.1
235 silly currentTree ├── concat-stream@1.6.0
235 silly currentTree ├── core-util-is@1.0.2
235 silly currentTree ├── d@0.1.1
235 silly currentTree ├── debug@2.6.1
235 silly currentTree ├─┬ deep-eql@0.1.3
235 silly currentTree │ └── type-detect@0.1.1
235 silly currentTree ├── deep-is@0.1.3
235 silly currentTree ├── del@2.2.2
235 silly currentTree ├── doctrine@1.5.0
235 silly currentTree ├── es5-ext@0.10.12
235 silly currentTree ├── es6-iterator@2.0.0
235 silly currentTree ├── es6-map@0.1.4
235 silly currentTree ├── es6-set@0.1.4
235 silly currentTree ├── es6-symbol@3.1.0
235 silly currentTree ├── es6-weak-map@2.0.1
235 silly currentTree ├── escape-string-regexp@1.0.5
235 silly currentTree ├── escope@3.6.0
235 silly currentTree ├── eslint-plugin-mocha@4.8.0
235 silly currentTree ├── eslint@3.15.0
235 silly currentTree ├── espree@3.4.0
235 silly currentTree ├── esprima@3.1.3
235 silly currentTree ├─┬ esrecurse@4.1.0
235 silly currentTree │ └── estraverse@4.1.1
235 silly currentTree ├── estraverse@4.2.0
235 silly currentTree ├── esutils@2.0.2
235 silly currentTree ├── event-emitter@0.3.4
235 silly currentTree ├── exit-hook@1.1.1
235 silly currentTree ├── fast-levenshtein@2.0.6
235 silly currentTree ├── figures@1.7.0
235 silly currentTree ├── file-entry-cache@2.0.0
235 silly currentTree ├── flat-cache@1.2.2
235 silly currentTree ├── formatio@1.1.1
235 silly currentTree ├── fs.realpath@1.0.0
235 silly currentTree ├── generate-function@2.0.0
235 silly currentTree ├── generate-object-property@1.2.0
235 silly currentTree ├── glob@7.1.1
235 silly currentTree ├── globals@9.14.0
235 silly currentTree ├── globby@5.0.0
235 silly currentTree ├── graceful-fs@4.1.11
235 silly currentTree ├── has-ansi@2.0.0
235 silly currentTree ├── ignore@3.2.2
235 silly currentTree ├── imurmurhash@0.1.4
235 silly currentTree ├── inflight@1.0.6
235 silly currentTree ├── inherits@2.0.3
235 silly currentTree ├── inquirer@0.12.0
235 silly currentTree ├── interpret@1.0.1
235 silly currentTree ├── is-fullwidth-code-point@1.0.0
235 silly currentTree ├── is-my-json-valid@2.15.0
235 silly currentTree ├── is-path-cwd@1.0.0
235 silly currentTree ├── is-path-in-cwd@1.0.0
235 silly currentTree ├── is-path-inside@1.0.0
235 silly currentTree ├── is-property@1.0.2
235 silly currentTree ├── is-resolvable@1.0.0
235 silly currentTree ├── isarray@1.0.0
235 silly currentTree ├── js-tokens@3.0.1
235 silly currentTree ├── js-yaml@3.8.1
235 silly currentTree ├── json-stable-stringify@1.0.1
235 silly currentTree ├── jsonify@0.0.0
235 silly currentTree ├── jsonpointer@4.0.1
235 silly currentTree ├── levn@0.3.0
235 silly currentTree ├── lodash@4.17.4
235 silly currentTree ├── lolex@1.3.2
235 silly currentTree ├── minimatch@3.0.3
235 silly currentTree ├── minimist@0.0.8
235 silly currentTree ├── mkdirp@0.5.1
235 silly currentTree ├── mocha-sinon@1.1.6
235 silly currentTree ├── ms@0.7.2
235 silly currentTree ├── mute-stream@0.0.5
235 silly currentTree ├── natural-compare@1.4.0
235 silly currentTree ├── number-is-nan@1.0.1
235 silly currentTree ├── object-assign@4.1.1
235 silly currentTree ├── once@1.4.0
235 silly currentTree ├── onetime@1.1.0
235 silly currentTree ├── optionator@0.8.2
235 silly currentTree ├── os-homedir@1.0.2
235 silly currentTree ├── path-is-absolute@1.0.1
235 silly currentTree ├── path-is-inside@1.0.2
235 silly currentTree ├── pify@2.3.0
235 silly currentTree ├── pinkie-promise@2.0.1
235 silly currentTree ├── pinkie@2.0.4
235 silly currentTree ├── pluralize@1.2.1
235 silly currentTree ├── prelude-ls@1.1.2
235 silly currentTree ├── process-nextick-args@1.0.7
235 silly currentTree ├── progress@1.1.8
235 silly currentTree ├── ramda@0.22.1
235 silly currentTree ├── readable-stream@2.2.2
235 silly currentTree ├── readline2@1.0.1
235 silly currentTree ├── rechoir@0.6.2
235 silly currentTree ├── require-uncached@1.0.3
235 silly currentTree ├── resolve-from@1.0.1
235 silly currentTree ├── resolve@1.2.0
235 silly currentTree ├── restore-cursor@1.0.1
235 silly currentTree ├── rimraf@2.5.4
235 silly currentTree ├── run-async@0.1.0
235 silly currentTree ├── rx-lite@3.1.2
235 silly currentTree ├── samsam@1.1.2
235 silly currentTree ├── shelljs@0.7.6
235 silly currentTree ├── sinon@1.17.7
235 silly currentTree ├── slice-ansi@0.0.4
235 silly currentTree ├── sprintf-js@1.0.3
235 silly currentTree ├── string_decoder@0.10.31
235 silly currentTree ├── string-width@1.0.2
235 silly currentTree ├── strip-ansi@3.0.1
235 silly currentTree ├── strip-bom@3.0.0
235 silly currentTree ├── strip-json-comments@2.0.1
235 silly currentTree ├── supports-color@2.0.0
235 silly currentTree ├─┬ table@3.8.3
235 silly currentTree │ ├── is-fullwidth-code-point@2.0.0
235 silly currentTree │ └── string-width@2.0.0
235 silly currentTree ├── text-table@0.2.0
235 silly currentTree ├── through@2.3.8
235 silly currentTree ├── tryit@1.0.3
235 silly currentTree ├── type-check@0.3.2
235 silly currentTree ├── type-detect@1.0.0
235 silly currentTree ├── typedarray@0.0.6
235 silly currentTree ├── user-home@2.0.0
235 silly currentTree ├── util-deprecate@1.0.2
235 silly currentTree ├─┬ util@0.10.3
235 silly currentTree │ └── inherits@2.0.1
235 silly currentTree ├── wordwrap@1.0.0
235 silly currentTree ├── wrappy@1.0.2
235 silly currentTree ├── write@0.2.1
235 silly currentTree └── xtend@4.0.1
236 silly idealTree homework02@1.0.0
236 silly idealTree ├─┬ acorn-jsx@3.0.1
236 silly idealTree │ └── acorn@3.3.0
236 silly idealTree ├── acorn@4.0.4
236 silly idealTree ├── ajv-keywords@1.5.1
236 silly idealTree ├── ajv@4.11.3
236 silly idealTree ├── ansi-escapes@1.4.0
236 silly idealTree ├── ansi-regex@2.1.1
236 silly idealTree ├── ansi-styles@2.2.1
236 silly idealTree ├── argparse@1.0.9
236 silly idealTree ├── array-union@1.0.2
236 silly idealTree ├── array-uniq@1.0.3
236 silly idealTree ├── arrify@1.0.1
236 silly idealTree ├── assertion-error@1.0.2
236 silly idealTree ├── babel-code-frame@6.22.0
236 silly idealTree ├── balanced-match@0.4.2
236 silly idealTree ├── brace-expansion@1.1.6
236 silly idealTree ├── buffer-shims@1.0.0
236 silly idealTree ├── caller-path@0.1.0
236 silly idealTree ├── callsites@0.2.0
236 silly idealTree ├── chai@3.5.0
236 silly idealTree ├── chalk@1.1.3
236 silly idealTree ├── circular-json@0.3.1
236 silly idealTree ├── cli-cursor@1.0.2
236 silly idealTree ├── cli-width@2.1.0
236 silly idealTree ├── co@4.6.0
236 silly idealTree ├── code-point-at@1.1.0
236 silly idealTree ├── concat-map@0.0.1
236 silly idealTree ├── concat-stream@1.6.0
236 silly idealTree ├── core-util-is@1.0.2
236 silly idealTree ├── d@0.1.1
236 silly idealTree ├── debug@2.6.1
236 silly idealTree ├─┬ deep-eql@0.1.3
236 silly idealTree │ └── type-detect@0.1.1
236 silly idealTree ├── deep-is@0.1.3
236 silly idealTree ├── del@2.2.2
236 silly idealTree ├── doctrine@1.5.0
236 silly idealTree ├── es5-ext@0.10.12
236 silly idealTree ├── es6-iterator@2.0.0
236 silly idealTree ├── es6-map@0.1.4
236 silly idealTree ├── es6-set@0.1.4
236 silly idealTree ├── es6-symbol@3.1.0
236 silly idealTree ├── es6-weak-map@2.0.1
236 silly idealTree ├── escape-string-regexp@1.0.5
236 silly idealTree ├── escope@3.6.0
236 silly idealTree ├── eslint-plugin-mocha@4.8.0
236 silly idealTree ├── eslint@3.15.0
236 silly idealTree ├── espree@3.4.0
236 silly idealTree ├── esprima@3.1.3
236 silly idealTree ├─┬ esrecurse@4.1.0
236 silly idealTree │ └── estraverse@4.1.1
236 silly idealTree ├── estraverse@4.2.0
236 silly idealTree ├── esutils@2.0.2
236 silly idealTree ├── event-emitter@0.3.4
236 silly idealTree ├── exit-hook@1.1.1
236 silly idealTree ├── fast-levenshtein@2.0.6
236 silly idealTree ├── figures@1.7.0
236 silly idealTree ├── file-entry-cache@2.0.0
236 silly idealTree ├── flat-cache@1.2.2
236 silly idealTree ├── formatio@1.1.1
236 silly idealTree ├── fs.realpath@1.0.0
236 silly idealTree ├── generate-function@2.0.0
236 silly idealTree ├── generate-object-property@1.2.0
236 silly idealTree ├── glob@7.1.1
236 silly idealTree ├── globals@9.14.0
236 silly idealTree ├── globby@5.0.0
236 silly idealTree ├── graceful-fs@4.1.11
236 silly idealTree ├── has-ansi@2.0.0
236 silly idealTree ├── ignore@3.2.2
236 silly idealTree ├── imurmurhash@0.1.4
236 silly idealTree ├── inflight@1.0.6
236 silly idealTree ├── inherits@2.0.3
236 silly idealTree ├── inquirer@0.12.0
236 silly idealTree ├── interpret@1.0.1
236 silly idealTree ├── is-fullwidth-code-point@1.0.0
236 silly idealTree ├── is-my-json-valid@2.15.0
236 silly idealTree ├── is-path-cwd@1.0.0
236 silly idealTree ├── is-path-in-cwd@1.0.0
236 silly idealTree ├── is-path-inside@1.0.0
236 silly idealTree ├── is-property@1.0.2
236 silly idealTree ├── is-resolvable@1.0.0
236 silly idealTree ├── isarray@1.0.0
236 silly idealTree ├── js-tokens@3.0.1
236 silly idealTree ├── js-yaml@3.8.1
236 silly idealTree ├── json-stable-stringify@1.0.1
236 silly idealTree ├── jsonify@0.0.0
236 silly idealTree ├── jsonpointer@4.0.1
236 silly idealTree ├── levn@0.3.0
236 silly idealTree ├── lodash@4.17.4
236 silly idealTree ├── lolex@1.3.2
236 silly idealTree ├── minimatch@3.0.3
236 silly idealTree ├── minimist@0.0.8
236 silly idealTree ├── mkdirp@0.5.1
236 silly idealTree ├── mocha-sinon@1.1.6
236 silly idealTree ├── ms@0.7.2
236 silly idealTree ├── mute-stream@0.0.5
236 silly idealTree ├── natural-compare@1.4.0
236 silly idealTree ├── number-is-nan@1.0.1
236 silly idealTree ├── object-assign@4.1.1
236 silly idealTree ├── once@1.4.0
236 silly idealTree ├── onetime@1.1.0
236 silly idealTree ├── optionator@0.8.2
236 silly idealTree ├── os-homedir@1.0.2
236 silly idealTree ├── path-is-absolute@1.0.1
236 silly idealTree ├── path-is-inside@1.0.2
236 silly idealTree ├── pify@2.3.0
236 silly idealTree ├── pinkie-promise@2.0.1
236 silly idealTree ├── pinkie@2.0.4
236 silly idealTree ├── pluralize@1.2.1
236 silly idealTree ├── prelude-ls@1.1.2
236 silly idealTree ├── process-nextick-args@1.0.7
236 silly idealTree ├── progress@1.1.8
236 silly idealTree ├── ramda@0.22.1
236 silly idealTree ├── readable-stream@2.2.2
236 silly idealTree ├── readline2@1.0.1
236 silly idealTree ├── rechoir@0.6.2
236 silly idealTree ├── require-uncached@1.0.3
236 silly idealTree ├── resolve-from@1.0.1
236 silly idealTree ├── resolve@1.2.0
236 silly idealTree ├── restore-cursor@1.0.1
236 silly idealTree ├── rimraf@2.5.4
236 silly idealTree ├── run-async@0.1.0
236 silly idealTree ├── rx-lite@3.1.2
236 silly idealTree ├── samsam@1.1.2
236 silly idealTree ├── shelljs@0.7.6
236 silly idealTree ├── sinon@1.17.7
236 silly idealTree ├── slice-ansi@0.0.4
236 silly idealTree ├── sprintf-js@1.0.3
236 silly idealTree ├── string_decoder@0.10.31
236 silly idealTree ├── string-width@1.0.2
236 silly idealTree ├── strip-ansi@3.0.1
236 silly idealTree ├── strip-bom@3.0.0
236 silly idealTree ├── strip-json-comments@2.0.1
236 silly idealTree ├── supports-color@2.0.0
236 silly idealTree ├─┬ table@3.8.3
236 silly idealTree │ ├── is-fullwidth-code-point@2.0.0
236 silly idealTree │ └── string-width@2.0.0
236 silly idealTree ├── text-table@0.2.0
236 silly idealTree ├── through@2.3.8
236 silly idealTree ├── tryit@1.0.3
236 silly idealTree ├── type-check@0.3.2
236 silly idealTree ├── type-detect@1.0.0
236 silly idealTree ├── typedarray@0.0.6
236 silly idealTree ├── user-home@2.0.0
236 silly idealTree ├── util-deprecate@1.0.2
236 silly idealTree ├─┬ util@0.10.3
236 silly idealTree │ └── inherits@2.0.1
236 silly idealTree ├── wordwrap@1.0.0
236 silly idealTree ├── wrappy@1.0.2
236 silly idealTree ├── write@0.2.1
236 silly idealTree └── xtend@4.0.1
237 silly generateActionsToTake Starting
238 silly install generateActionsToTake
239 warn checkPermissions Missing write access to /home/kdn251/Desktop/AIT/kdn251-homework02/node_modules
240 silly rollbackFailedOptional Starting
241 silly rollbackFailedOptional Finishing
242 silly runTopLevelLifecycles Finishing
243 silly install printInstalled
244 warn mocha-sinon@1.1.6 requires a peer of mocha@>= 1.0.0 < 4.0.0 but none was installed.
245 verbose If you need help, you may report this error at:
245 verbose     <https://github.com/npm/npm/issues>
246 warn homework02@1.0.0 No description
247 verbose If you need help, you may report this error at:
247 verbose     <https://github.com/npm/npm/issues>
248 verbose stack Error: EACCES: permission denied, access '/home/kdn251/Desktop/AIT/kdn251-homework02/node_modules'
249 verbose cwd /home/kdn251/Desktop/AIT/kdn251-homework02
250 error Linux 4.4.0-62-generic
251 error argv "/usr/bin/nodejs" "/usr/bin/npm" "install" "--save-dev" "chai"
252 error node v7.5.0
253 error npm  v4.1.2
254 error path /home/kdn251/Desktop/AIT/kdn251-homework02/node_modules
255 error code EACCES
256 error errno -13
257 error syscall access
258 error Error: EACCES: permission denied, access '/home/kdn251/Desktop/AIT/kdn251-homework02/node_modules'
258 error  { Error: EACCES: permission denied, access '/home/kdn251/Desktop/AIT/kdn251-homework02/node_modules'
258 error   errno: -13,
258 error   code: 'EACCES',
258 error   syscall: 'access',
258 error   path: '/home/kdn251/Desktop/AIT/kdn251-homework02/node_modules' }
259 error Please try running this command again as root/Administrator.
260 verbose exit [ -13, true ]
